0:0:0:0:0:0:0:1 - - [23/Sep/2020:11:45:12 -0300] "GET /PedidosOp HTTP/1.1" 401 301
0:0:0:0:0:0:0:1 - - [23/Sep/2020:11:45:14 -0300] "GET /PedidosOp HTTP/1.1" 404 306
0:0:0:0:0:0:0:1 - - [23/Sep/2020:11:45:15 -0300] "GET /favicon.ico HTTP/1.1" 404 144
0:0:0:0:0:0:0:1 - - [23/Sep/2020:11:45:16 -0300] "GET /PedidosOp/get HTTP/1.1" 404 306
0:0:0:0:0:0:0:1 - - [23/Sep/2020:11:45:31 -0300] "GET /PedidoOp/get HTTP/1.1" 500 16927
0:0:0:0:0:0:0:1 - - [23/Sep/2020:13:05:47 -0300] "GET /PedidoOp/get HTTP/1.1" 500 14721
0:0:0:0:0:0:0:1 - - [23/Sep/2020:13:11:10 -0300] "GET /PedidoOp/get HTTP/1.1" 500 16927
0:0:0:0:0:0:0:1 - - [23/Sep/2020:13:12:02 -0300] "GET /PedidoOp/get HTTP/1.1" 500 16932
0:0:0:0:0:0:0:1 - - [23/Sep/2020:13:12:04 -0300] "GET /PedidoOp/get HTTP/1.1" 500 16932
0:0:0:0:0:0:0:1 - - [23/Sep/2020:13:17:27 -0300] "GET /PedidoOp/get HTTP/1.1" 500 16928
0:0:0:0:0:0:0:1 - - [23/Sep/2020:13:20:54 -0300] "GET /PedidoOp/get HTTP/1.1" 200 5129
0:0:0:0:0:0:0:1 - - [23/Sep/2020:13:24:41 -0300] "GET /PedidoOp/get HTTP/1.1" 500 16928
0:0:0:0:0:0:0:1 - - [23/Sep/2020:13:26:26 -0300] "GET /PedidoOp/get HTTP/1.1" 200 5129
0:0:0:0:0:0:0:1 - - [23/Sep/2020:13:29:08 -0300] "GET /PedidoOp/get HTTP/1.1" 200 5129
0:0:0:0:0:0:0:1 - - [23/Sep/2020:13:32:03 -0300] "GET /PedidoOp/get HTTP/1.1" 200 5129
0:0:0:0:0:0:0:1 - - [23/Sep/2020:13:32:25 -0300] "GET /Pedido/get HTTP/1.1" 200 84539
0:0:0:0:0:0:0:1 - - [23/Sep/2020:13:32:29 -0300] "GET /PedidoOp/get HTTP/1.1" 200 5129
0:0:0:0:0:0:0:1 - - [23/Sep/2020:13:40:10 -0300] "GET /PedidoOp/get HTTP/1.1" 200 5129
0:0:0:0:0:0:0:1 - - [23/Sep/2020:13:41:59 -0300] "GET /PedidoOp/get HTTP/1.1" 200 5129
0:0:0:0:0:0:0:1 - - [23/Sep/2020:13:43:46 -0300] "GET /PedidoOp/get HTTP/1.1" 200 5129
0:0:0:0:0:0:0:1 - - [23/Sep/2020:13:43:51 -0300] "GET /Financeiro/get HTTP/1.1" 200 9670
0:0:0:0:0:0:0:1 - - [23/Sep/2020:13:43:59 -0300] "GET /Produto/get HTTP/1.1" 200 7116
0:0:0:0:0:0:0:1 - - [23/Sep/2020:13:44:30 -0300] "GET /Mensagem/get HTTP/1.1" 200 3413
0:0:0:0:0:0:0:1 - - [23/Sep/2020:13:46:00 -0300] "GET /Mensagem/get HTTP/1.1" 200 3413
0:0:0:0:0:0:0:1 - - [23/Sep/2020:13:46:03 -0300] "GET /Mensagem/get HTTP/1.1" 200 3413
0:0:0:0:0:0:0:1 - - [23/Sep/2020:13:46:04 -0300] "GET /Produto/get HTTP/1.1" 200 7111
0:0:0:0:0:0:0:1 - - [23/Sep/2020:13:46:05 -0300] "GET /Financeiro/get HTTP/1.1" 200 9670
0:0:0:0:0:0:0:1 - - [23/Sep/2020:13:46:06 -0300] "GET /PedidoOp/get HTTP/1.1" 200 5129
0:0:0:0:0:0:0:1 - - [23/Sep/2020:15:29:37 -0300] "GET /PedidoOp/get HTTP/1.1" 500 14719
0:0:0:0:0:0:0:1 - - [23/Sep/2020:15:31:06 -0300] "GET /PedidoOp/get HTTP/1.1" 200 327
