0:0:0:0:0:0:0:1 - - [26/Oct/2020:08:56:51 -0300] "GET /Cliente/get HTTP/1.1" 401 301
0:0:0:0:0:0:0:1 - - [26/Oct/2020:08:56:54 -0300] "GET /Cliente/get HTTP/1.1" 200 15921
0:0:0:0:0:0:0:1 - - [26/Oct/2020:08:56:54 -0300] "GET /favicon.ico HTTP/1.1" 404 144
0:0:0:0:0:0:0:1 - - [26/Oct/2020:08:57:51 -0300] "GET /Cliente/get?ultalt=2020-10-31 HTTP/1.1" 500 9114
0:0:0:0:0:0:0:1 - - [26/Oct/2020:08:58:10 -0300] "GET /Cliente/get?ultalt=2020-10-31%2000:00:00 HTTP/1.1" 200 327
0:0:0:0:0:0:0:1 - - [26/Oct/2020:08:58:18 -0300] "GET /Cliente/get?ultalt=2020-10-31 HTTP/1.1" 500 9114
0:0:0:0:0:0:0:1 - - [26/Oct/2020:08:58:46 -0300] "GET /Cliente/get? HTTP/1.1" 200 15628
0:0:0:0:0:0:0:1 - - [26/Oct/2020:08:58:48 -0300] "GET /Cliente/get HTTP/1.1" 200 15628
0:0:0:0:0:0:0:1 - - [26/Oct/2020:08:59:00 -0300] "GET /CondPag/get HTTP/1.1" 200 1073
0:0:0:0:0:0:0:1 - - [26/Oct/2020:08:59:07 -0300] "GET /Estoque/get HTTP/1.1" 200 6599
0:0:0:0:0:0:0:1 - - [26/Oct/2020:08:59:18 -0300] "GET /Faturamento/get HTTP/1.1" 200 8322
0:0:0:0:0:0:0:1 - - [26/Oct/2020:08:59:24 -0300] "GET /Financeiro/get HTTP/1.1" 200 9670
0:0:0:0:0:0:0:1 - - [26/Oct/2020:08:59:31 -0300] "GET /ItemPed/get HTTP/1.1" 200 6885
0:0:0:0:0:0:0:1 - - [26/Oct/2020:08:59:40 -0300] "GET /ItensOp/get HTTP/1.1" 200 7627
0:0:0:0:0:0:0:1 - - [26/Oct/2020:08:59:46 -0300] "GET /Mensagem/get HTTP/1.1" 200 3413
0:0:0:0:0:0:0:1 - - [26/Oct/2020:08:59:56 -0300] "GET /PedidoOp/get HTTP/1.1" 200 16885
0:0:0:0:0:0:0:1 - - [26/Oct/2020:09:00:53 -0300] "GET /Produto/get HTTP/1.1" 500 16923
0:0:0:0:0:0:0:1 - - [26/Oct/2020:09:01:59 -0300] "GET /Produto/get HTTP/1.1" 200 7128
0:0:0:0:0:0:0:1 - - [26/Oct/2020:09:02:04 -0300] "GET /Pedido/get HTTP/1.1" 200 36222
0:0:0:0:0:0:0:1 - - [26/Oct/2020:09:02:28 -0300] "GET /Vendedor/get HTTP/1.1" 200 5817
0:0:0:0:0:0:0:1 - - [26/Oct/2020:09:07:32 -0300] "GET /Pedido/get HTTP/1.1" 500 16112
0:0:0:0:0:0:0:1 - - [26/Oct/2020:09:21:38 -0300] "GET /Financeiro/get HTTP/1.1" 200 9670
0:0:0:0:0:0:0:1 - - [26/Oct/2020:09:21:53 -0300] "GET /Pedido/get HTTP/1.1" 500 16224
0:0:0:0:0:0:0:1 - - [26/Oct/2020:09:22:52 -0300] "GET /ItemPed/get HTTP/1.1" 500 16113
0:0:0:0:0:0:0:1 - - [26/Oct/2020:09:24:03 -0300] "GET /ItemPed/get HTTP/1.1" 500 16113
0:0:0:0:0:0:0:1 - - [26/Oct/2020:09:24:05 -0300] "GET /ItemPed/get HTTP/1.1" 500 16113
0:0:0:0:0:0:0:1 - - [26/Oct/2020:09:24:30 -0300] "GET /Vendedor/get HTTP/1.1" 200 5817
0:0:0:0:0:0:0:1 - - [26/Oct/2020:09:24:35 -0300] "GET /ItemPed/get HTTP/1.1" 500 16113
0:0:0:0:0:0:0:1 - - [26/Oct/2020:09:24:37 -0300] "GET /Pedido/get HTTP/1.1" 500 8206
0:0:0:0:0:0:0:1 - - [26/Oct/2020:09:24:39 -0300] "GET /Pedido/get HTTP/1.1" 500 8206
0:0:0:0:0:0:0:1 - - [26/Oct/2020:09:26:24 -0300] "GET /ItemPed/get HTTP/1.1" 200 8093
0:0:0:0:0:0:0:1 - - [26/Oct/2020:09:26:39 -0300] "GET /Pedido/get HTTP/1.1" 200 38433
