0:0:0:0:0:0:0:1 - - [18/Nov/2020:16:58:03 -0300] "GET /FaturamentoItem/get?size=1000&sort=chvnfe HTTP/1.1" 401 301
0:0:0:0:0:0:0:1 - - [18/Nov/2020:16:58:07 -0300] "GET /FaturamentoItem/get?size=1000&sort=chvnfe HTTP/1.1" 200 449751
0:0:0:0:0:0:0:1 - - [18/Nov/2020:16:58:08 -0300] "GET /favicon.ico HTTP/1.1" 404 144
0:0:0:0:0:0:0:1 - - [18/Nov/2020:17:00:25 -0300] "GET /FaturamentoItem/get?size=1000&sort=chvnfe HTTP/1.1" 200 449788
0:0:0:0:0:0:0:1 - - [18/Nov/2020:17:03:57 -0300] "GET /FaturamentoItem/get?size=1000&sort=chvnfe HTTP/1.1" 200 448699
0:0:0:0:0:0:0:1 - - [18/Nov/2020:17:04:39 -0300] "GET /FaturamentoItem/get?size=1000&sort=chvnfe HTTP/1.1" 500 16303
0:0:0:0:0:0:0:1 - - [18/Nov/2020:17:07:13 -0300] "GET /FaturamentoItem/get?size=1000&sort=chvnfe HTTP/1.1" 500 16303
0:0:0:0:0:0:0:1 - - [18/Nov/2020:17:07:19 -0300] "GET /FaturamentoItem/get?size=1000&sort=chvnfe HTTP/1.1" 500 16303
0:0:0:0:0:0:0:1 - - [18/Nov/2020:17:08:41 -0300] "GET /FaturamentoItem/get?size=1000&sort=chvnfe HTTP/1.1" 200 419634
0:0:0:0:0:0:0:1 - - [18/Nov/2020:17:10:23 -0300] "GET /FaturamentoItem/get?size=1000 HTTP/1.1" 500 16303
0:0:0:0:0:0:0:1 - - [18/Nov/2020:17:12:28 -0300] "GET /FaturamentoItem/get?size=1000 HTTP/1.1" 500 16303
0:0:0:0:0:0:0:1 - - [18/Nov/2020:17:13:18 -0300] "GET /FaturamentoItem/get?size=1000 HTTP/1.1" 500 16303
0:0:0:0:0:0:0:1 - - [18/Nov/2020:17:13:20 -0300] "GET /FaturamentoItem/get?size=1000 HTTP/1.1" 500 16303
0:0:0:0:0:0:0:1 - - [18/Nov/2020:17:13:34 -0300] "GET /FaturamentoItem/get?size=1000 HTTP/1.1" 500 16303
0:0:0:0:0:0:0:1 - - [18/Nov/2020:17:13:39 -0300] "GET /FaturamentoItem/get?size=1000 HTTP/1.1" 500 16303
0:0:0:0:0:0:0:1 - - [18/Nov/2020:17:13:41 -0300] "GET /FaturamentoItem/get?size=1000 HTTP/1.1" 500 16303
0:0:0:0:0:0:0:1 - - [18/Nov/2020:17:16:00 -0300] "GET /FaturamentoItem/get?size=1000 HTTP/1.1" 200 443376
0:0:0:0:0:0:0:1 - - [18/Nov/2020:17:16:24 -0300] "GET /FaturamentoItem/get?size=1000&sort=chvnfe HTTP/1.1" 200 448773
0:0:0:0:0:0:0:1 - - [18/Nov/2020:17:17:11 -0300] "GET /FaturamentoItem/get?size=1000 HTTP/1.1" 200 443395
0:0:0:0:0:0:0:1 - - [18/Nov/2020:17:19:15 -0300] "GET /FaturamentoItem/get?size=1000&sort=chvnfe HTTP/1.1" 200 448601
0:0:0:0:0:0:0:1 - - [18/Nov/2020:17:22:38 -0300] "GET /FaturamentoItem/get?size=1000&sort=chvnfe HTTP/1.1" 200 448662
0:0:0:0:0:0:0:1 - - [18/Nov/2020:17:22:49 -0300] "GET /FaturamentoItem/get?size=500&sort=chvnfe HTTP/1.1" 200 224678
0:0:0:0:0:0:0:1 - - [18/Nov/2020:17:22:52 -0300] "GET /FaturamentoItem/get?size=10&sort=chvnfe HTTP/1.1" 200 4769
0:0:0:0:0:0:0:1 - - [18/Nov/2020:17:22:58 -0300] "GET /FaturamentoItem/get?size=10&sort=chvnfe HTTP/1.1" 200 4773
0:0:0:0:0:0:0:1 - - [18/Nov/2020:17:25:04 -0300] "GET /PedidoItem/get?size=10 HTTP/1.1" 404 306
0:0:0:0:0:0:0:1 - - [18/Nov/2020:17:25:08 -0300] "GET /ItemPed/get?size=10 HTTP/1.1" 200 3878
0:0:0:0:0:0:0:1 - - [18/Nov/2020:17:25:23 -0300] "GET /ItemPed/get?size=10&sort=itepedsf HTTP/1.1" 200 3875
0:0:0:0:0:0:0:1 - - [18/Nov/2020:17:27:51 -0300] "GET /FinanceiroItem/get?size=10 HTTP/1.1" 404 306
0:0:0:0:0:0:0:1 - - [18/Nov/2020:17:27:58 -0300] "GET /FaturamentoItem/get?size=10 HTTP/1.1" 200 4757
0:0:0:0:0:0:0:1 - - [18/Nov/2020:17:28:11 -0300] "GET /FaturamentoItem/get?size=10&sort=chvnfe HTTP/1.1" 200 4763
0:0:0:0:0:0:0:1 - - [18/Nov/2020:17:30:06 -0300] "GET /FaturamentoItem/get?size=10&sort=chvnfe&ultalt=1900-01-01%2000:00:00 HTTP/1.1" 200 4773
0:0:0:0:0:0:0:1 - - [18/Nov/2020:17:47:09 -0300] "GET /FaturamentoItem/get?size=10&sort=chvitemsf HTTP/1.1" 200 5330
