0:0:0:0:0:0:0:1 - - [07/Dec/2020:10:52:48 -0300] "GET /Pedido/get?size=1 HTTP/1.1" 401 301
0:0:0:0:0:0:0:1 - - [07/Dec/2020:10:52:55 -0300] "GET /Pedido/get?size=1 HTTP/1.1" 200 1675
0:0:0:0:0:0:0:1 - - [07/Dec/2020:10:52:55 -0300] "GET /favicon.ico HTTP/1.1" 404 144
0:0:0:0:0:0:0:1 - - [07/Dec/2020:10:53:14 -0300] "GET /Pedido/get?size=1000 HTTP/1.1" 200 180406
0:0:0:0:0:0:0:1 - - [07/Dec/2020:10:53:21 -0300] "GET /Pedido/get?size=300 HTTP/1.1" 401 301
0:0:0:0:0:0:0:1 - - [07/Dec/2020:10:53:35 -0300] "GET /Pedido/get?size=300 HTTP/1.1" 200 336206
0:0:0:0:0:0:0:1 - - [07/Dec/2020:10:53:58 -0300] "GET /Pedido/get?size=300 HTTP/1.1" 200 560323
0:0:0:0:0:0:0:1 - - [07/Dec/2020:10:54:16 -0300] "GET /Pedido/get?size=200 HTTP/1.1" 200 344406
0:0:0:0:0:0:0:1 - - [07/Dec/2020:10:55:47 -0300] "GET /Pedido/get?size=200 HTTP/1.1" 200 352606
0:0:0:0:0:0:0:1 - - [07/Dec/2020:10:55:56 -0300] "GET /Pedido/get?size=1 HTTP/1.1" 200 1675
0:0:0:0:0:0:0:1 - - [07/Dec/2020:10:56:14 -0300] "GET /Pedido/get?size=100 HTTP/1.1" 200 242588
0:0:0:0:0:0:0:1 - - [07/Dec/2020:10:56:37 -0300] "GET /Pedido/get?size=50 HTTP/1.1" 200 159503
0:0:0:0:0:0:0:1 - - [07/Dec/2020:10:56:47 -0300] "GET /Pedido/get?size=50 HTTP/1.1" 200 159503
0:0:0:0:0:0:0:1 - - [07/Dec/2020:10:58:19 -0300] "GET /Faturamento/get?size=50 HTTP/1.1" 500 16282
0:0:0:0:0:0:0:1 - - [07/Dec/2020:11:00:08 -0300] "GET /Faturamento/get?size=50 HTTP/1.1" 200 76611
0:0:0:0:0:0:0:1 - - [07/Dec/2020:11:24:50 -0300] "GET /ItemPed/get?ultalt=2020-07-01%2011%3A24%3A00 HTTP/1.1" 500 13696
0:0:0:0:0:0:0:1 - - [07/Dec/2020:11:25:43 -0300] "GET /ItemPed/get?ultalt=2020-07-01%2011%3A24%3A00 HTTP/1.1" 500 13697
0:0:0:0:0:0:0:1 - - [07/Dec/2020:11:26:27 -0300] "GET /ItemPed/get?ultalt=2020-07-01%2011%3A24%3A00 HTTP/1.1" 200 7433
0:0:0:0:0:0:0:1 - - [07/Dec/2020:11:27:06 -0300] "GET /ItemPed/get?ultalt=2020-07-01%2011%3A24%3A00 HTTP/1.1" 200 7426
0:0:0:0:0:0:0:1 - - [07/Dec/2020:11:27:14 -0300] "GET /ItemPed/get?ultalt=2020-12-01%2011%3A24%3A00 HTTP/1.1" 200 7399
0:0:0:0:0:0:0:1 - - [07/Dec/2020:11:27:19 -0300] "GET /ItemPed/get?ultalt=2020-12-07%2011%3A24%3A00 HTTP/1.1" 200 327
0:0:0:0:0:0:0:1 - - [07/Dec/2020:11:27:37 -0300] "GET /ItemPed/get?ultalt=2020-12-07%2011%3A27%3A00 HTTP/1.1" 200 327
0:0:0:0:0:0:0:1 - - [07/Dec/2020:11:27:44 -0300] "GET /ItemPed/get?ultalt=2020-12-07%2011%3A10%3A00 HTTP/1.1" 200 327
0:0:0:0:0:0:0:1 - - [07/Dec/2020:11:27:55 -0300] "GET /ItemPed/get?ultalt=2020-12-07%2011%3A00%3A00 HTTP/1.1" 200 327
0:0:0:0:0:0:0:1 - - [07/Dec/2020:11:28:04 -0300] "GET /ItemPed/get?ultalt=2020-12-07%2005%3A00%3A00 HTTP/1.1" 200 327
0:0:0:0:0:0:0:1 - - [07/Dec/2020:11:28:27 -0300] "GET /ItemPed/get?ultalt=2020-12-06%2005%3A00%3A00 HTTP/1.1" 200 327
0:0:0:0:0:0:0:1 - - [07/Dec/2020:11:28:36 -0300] "GET /ItemPed/get?ultalt=2020-12-06%2005%3A00%3A00 HTTP/1.1" 200 327
0:0:0:0:0:0:0:1 - - [07/Dec/2020:11:29:00 -0300] "GET /ItemPed/get?ultalt=2020-12-07 HTTP/1.1" 500 9176
0:0:0:0:0:0:0:1 - - [07/Dec/2020:11:29:06 -0300] "GET /ItemPed/get?ultalt=2020-12-07%2000%3A00%3A00 HTTP/1.1" 200 327
0:0:0:0:0:0:0:1 - - [07/Dec/2020:11:32:29 -0300] "GET /ItemPed/get?ultalt=2020-12-07%2000%3A00%3A00 HTTP/1.1" 500 9254
0:0:0:0:0:0:0:1 - - [07/Dec/2020:11:32:59 -0300] "GET /ItemPed/get?ultalt=2020-12-07%2000%3A00%3A00 HTTP/1.1" 200 327
0:0:0:0:0:0:0:1 - - [07/Dec/2020:11:33:15 -0300] "GET /ItemPed/get?ultalt=2020-11-07%2000%3A00%3A00 HTTP/1.1" 200 7477
0:0:0:0:0:0:0:1 - - [07/Dec/2020:11:33:33 -0300] "GET /ItemPed/get?ultalt=2019-01-03%2023%3A00%3A00 HTTP/1.1" 200 7426
0:0:0:0:0:0:0:1 - - [07/Dec/2020:11:33:38 -0300] "GET /ItemPed/get?ultalt=2020-01-03%2023%3A00%3A00 HTTP/1.1" 200 7426
0:0:0:0:0:0:0:1 - - [07/Dec/2020:11:33:42 -0300] "GET /ItemPed/get?ultalt=2020-12-03%2023%3A00%3A00 HTTP/1.1" 200 5422
0:0:0:0:0:0:0:1 - - [07/Dec/2020:11:33:51 -0300] "GET /ItemPed/get?ultalt=2020-12-07%2000%3A00%3A00 HTTP/1.1" 200 327
0:0:0:0:0:0:0:1 - - [07/Dec/2020:11:33:59 -0300] "GET /ItemPed/get?ultalt=2020-12-06%2000%3A00%3A00 HTTP/1.1" 200 327
0:0:0:0:0:0:0:1 - - [07/Dec/2020:11:34:03 -0300] "GET /ItemPed/get?ultalt=2020-12-05%2000%3A00%3A00 HTTP/1.1" 200 327
0:0:0:0:0:0:0:1 - - [07/Dec/2020:11:34:07 -0300] "GET /ItemPed/get?ultalt=2020-12-04%2000%3A00%3A00 HTTP/1.1" 200 5422
0:0:0:0:0:0:0:1 - - [07/Dec/2020:11:36:30 -0300] "GET /ItemPed/get?ultalt=2020-12-07%2011%3A36%3A00 HTTP/1.1" 200 327
0:0:0:0:0:0:0:1 - - [07/Dec/2020:11:36:33 -0300] "GET /ItemPed/get?ultalt=2020-12-07%2011%3A36%3A00 HTTP/1.1" 200 327
0:0:0:0:0:0:0:1 - - [07/Dec/2020:11:36:50 -0300] "GET /ItemPed/get?ultalt=2020-12-07%2011%3A10%3A00 HTTP/1.1" 200 7439
0:0:0:0:0:0:0:1 - - [07/Dec/2020:11:42:51 -0300] "GET /FaturamentoItem/get?ultalt=2020-12-07%2011%3A10%3A00 HTTP/1.1" 200 3847
0:0:0:0:0:0:0:1 - - [07/Dec/2020:14:06:26 -0300] "POST /PedidoOp/postmassivo HTTP/1.1" 500 16124
