0:0:0:0:0:0:0:1 - - [26/Nov/2020:09:10:32 -0300] "POST /PedidoOp/deletemassivo HTTP/1.1" 405 8822
0:0:0:0:0:0:0:1 - - [26/Nov/2020:09:10:41 -0300] "DELETE /PedidoOp/deletemassivo HTTP/1.1" 200 21
0:0:0:0:0:0:0:1 - - [26/Nov/2020:09:11:13 -0300] "DELETE /PedidoOp/deletemassivo HTTP/1.1" 200 21
0:0:0:0:0:0:0:1 - - [26/Nov/2020:09:15:01 -0300] "DELETE /PedidoOp/deletemassivo HTTP/1.1" 200 21
0:0:0:0:0:0:0:1 - - [26/Nov/2020:09:49:22 -0300] "POST /PedidoOp/post HTTP/1.1" 400 11574
0:0:0:0:0:0:0:1 - - [26/Nov/2020:09:49:57 -0300] "POST /PedidoOp/post HTTP/1.1" 400 11574
0:0:0:0:0:0:0:1 - - [26/Nov/2020:09:50:15 -0300] "POST /PedidoOp/post HTTP/1.1" 400 11574
0:0:0:0:0:0:0:1 - - [26/Nov/2020:09:50:20 -0300] "POST /PedidoOp/post HTTP/1.1" 400 11574
0:0:0:0:0:0:0:1 - - [26/Nov/2020:09:50:48 -0300] "POST /PedidoOp/post HTTP/1.1" 400 11574
0:0:0:0:0:0:0:1 - - [26/Nov/2020:09:51:05 -0300] "POST /PedidoOp/postmassivo HTTP/1.1" 200 19
0:0:0:0:0:0:0:1 - - [26/Nov/2020:09:53:35 -0300] "POST /PedidoOp/postmassivo HTTP/1.1" 200 19
0:0:0:0:0:0:0:1 - - [26/Nov/2020:10:05:36 -0300] "GET /Residuo/get?idcab=aa HTTP/1.1" 401 301
0:0:0:0:0:0:0:1 - - [26/Nov/2020:10:05:38 -0300] "GET /Residuo/get?idcab=aa HTTP/1.1" 200 327
0:0:0:0:0:0:0:1 - - [26/Nov/2020:10:05:39 -0300] "GET /favicon.ico HTTP/1.1" 404 144
0:0:0:0:0:0:0:1 - - [26/Nov/2020:10:28:32 -0300] "POST /PedidoOp/deletemassivo HTTP/1.1" 405 8822
0:0:0:0:0:0:0:1 - - [26/Nov/2020:10:28:39 -0300] "DELETE /PedidoOp/deletemassivo HTTP/1.1" 200 21
0:0:0:0:0:0:0:1 - - [26/Nov/2020:10:31:58 -0300] "DELETE /Residuo/post HTTP/1.1" 405 8818
0:0:0:0:0:0:0:1 - - [26/Nov/2020:10:32:03 -0300] "POST /Residuo/post HTTP/1.1" 500 16110
0:0:0:0:0:0:0:1 - - [26/Nov/2020:10:34:53 -0300] "POST /Residuo/post HTTP/1.1" 200 19
0:0:0:0:0:0:0:1 - - [26/Nov/2020:17:07:01 -0300] "POST /ItensOp/post HTTP/1.1" 200 19
0:0:0:0:0:0:0:1 - - [26/Nov/2020:17:09:19 -0300] "POST /ItensOp/post HTTP/1.1" 200 19
0:0:0:0:0:0:0:1 - - [26/Nov/2020:17:15:03 -0300] "POST /ItensOp/post HTTP/1.1" 200 19
0:0:0:0:0:0:0:1 - - [26/Nov/2020:17:18:46 -0300] "POST /ItensOp/post HTTP/1.1" 200 19
0:0:0:0:0:0:0:1 - - [26/Nov/2020:17:20:41 -0300] "POST /ItensOp/post HTTP/1.1" 200 19
0:0:0:0:0:0:0:1 - - [26/Nov/2020:17:20:55 -0300] "POST /ItensOp/post HTTP/1.1" 200 19
0:0:0:0:0:0:0:1 - - [26/Nov/2020:17:22:00 -0300] "POST /ItensOp/post HTTP/1.1" 200 19
0:0:0:0:0:0:0:1 - - [26/Nov/2020:17:22:59 -0300] "POST /ItensOp/post HTTP/1.1" 200 19
0:0:0:0:0:0:0:1 - - [26/Nov/2020:17:38:00 -0300] "POST /ItensOp/post HTTP/1.1" 200 19
